<?xml version="1.0" encoding="UTF-8"?>
<testsuite name="com.rogueforge.game.core.EventBusTest" tests="3" skipped="0" failures="0" errors="0" timestamp="2026-04-06T20:15:45" hostname="Grants-MacBook-Pro.local" time="0.002">
  <properties/>
  <testcase name="subscribeFireUnsubscribeAndClearWork()" classname="com.rogueforge.game.core.EventBusTest" time="0.001"/>
  <testcase name="annotationBasedHandlersAreDiscovered()" classname="com.rogueforge.game.core.EventBusTest" time="0.0"/>
  <testcase name="typedSubscriptionDispatchesWithoutSubscriberScanning()" classname="com.rogueforge.game.core.EventBusTest" time="0.001"/>
  <system-out><![CDATA[]]></system-out>
  <system-err><![CDATA[]]></system-err>
</testsuite>
