<?xml version="1.0" encoding="UTF-8"?>
<testsuite name="com.rogueforge.game.world.ZoneAccessPolicyTest" tests="3" skipped="0" failures="0" errors="0" timestamp="2026-04-06T16:39:48" hostname="Grants-MacBook-Pro.local" time="0.001">
  <properties/>
  <testcase name="shadowCavesRequireWorkshopPassAndCombatReadiness()" classname="com.rogueforge.game.world.ZoneAccessPolicyTest" time="0.001"/>
  <testcase name="infiniteDungeonRequiresLateGameProgression()" classname="com.rogueforge.game.world.ZoneAccessPolicyTest" time="0.0"/>
  <testcase name="actThreeAndFourZonesStayLockedUntilStoryRoutesOpen()" classname="com.rogueforge.game.world.ZoneAccessPolicyTest" time="0.0"/>
  <system-out><![CDATA[]]></system-out>
  <system-err><![CDATA[]]></system-err>
</testsuite>
