<?xml version="1.0" encoding="UTF-8"?>
<testsuite name="com.rogueforge.game.engine.base.BaseBuildingEngineTest" tests="6" skipped="0" failures="0" errors="0" timestamp="2026-04-06T06:33:01" hostname="Grants-MacBook-Pro.local" time="0.011">
  <properties/>
  <testcase name="defenderAssignmentsRespectStructureCapacityAndCleanupOnRemoval()" classname="com.rogueforge.game.engine.base.BaseBuildingEngineTest" time="0.008"/>
  <testcase name="placementFailsWhenOverlappingExistingStructure()" classname="com.rogueforge.game.engine.base.BaseBuildingEngineTest" time="0.001"/>
  <testcase name="placesStructureInsideClaimedSiteWhenTerrainAndSpaceAreValid()" classname="com.rogueforge.game.engine.base.BaseBuildingEngineTest" time="0.0"/>
  <testcase name="claimedSiteAndStructureOwnershipPersistInsideBaseState()" classname="com.rogueforge.game.engine.base.BaseBuildingEngineTest" time="0.001"/>
  <testcase name="placementFailsWithoutClaimedSite()" classname="com.rogueforge.game.engine.base.BaseBuildingEngineTest" time="0.001"/>
  <testcase name="structureDamageAndRepairUpdateHitPoints()" classname="com.rogueforge.game.engine.base.BaseBuildingEngineTest" time="0.0"/>
  <system-out><![CDATA[]]></system-out>
  <system-err><![CDATA[]]></system-err>
</testsuite>
