<?xml version="1.0" encoding="UTF-8"?>
<testsuite name="com.rogueforge.game.entity.GameEntityComponentTest" tests="2" skipped="0" failures="0" errors="0" timestamp="2026-04-06T21:42:42" hostname="Grants-MacBook-Pro.local" time="0.018">
  <properties/>
  <testcase name="playerEntityExposesSharedPositionAndStatsComponents()" classname="com.rogueforge.game.entity.GameEntityComponentTest" time="0.014"/>
  <testcase name="robotEntityRegistersRobotCoreComponent()" classname="com.rogueforge.game.entity.GameEntityComponentTest" time="0.003"/>
  <system-out><![CDATA[]]></system-out>
  <system-err><![CDATA[]]></system-err>
</testsuite>
