<?xml version="1.0" encoding="UTF-8"?>
<testsuite name="com.rogueforge.game.world.InfiniteDungeonLayoutGeneratorTest" tests="1" skipped="0" failures="0" errors="0" timestamp="2026-03-29T18:15:05" hostname="Grants-MacBook-Pro.local" time="0.002">
  <properties/>
  <testcase name="generatorProducesDeterministicButFloorVariantLayouts()" classname="com.rogueforge.game.world.InfiniteDungeonLayoutGeneratorTest" time="0.002"/>
  <system-out><![CDATA[]]></system-out>
  <system-err><![CDATA[]]></system-err>
</testsuite>
