<?xml version="1.0" encoding="UTF-8"?>
<testsuite name="com.rogueforge.game.combat.AbilityRuntimeTest" tests="2" skipped="0" failures="0" errors="0" timestamp="2026-04-07T22:23:19" hostname="Grants-MacBook-Pro.local" time="0.012">
  <properties/>
  <testcase name="abilityInstanceTracksCooldownAndProgressionBonuses()" classname="com.rogueforge.game.combat.AbilityRuntimeTest" time="0.011"/>
  <testcase name="abilityDefinitionDefaultsAndSecondaryStatusFallbacksWork()" classname="com.rogueforge.game.combat.AbilityRuntimeTest" time="0.0"/>
  <system-out><![CDATA[]]></system-out>
  <system-err><![CDATA[]]></system-err>
</testsuite>
