<?xml version="1.0" encoding="UTF-8"?>
<testsuite name="com.rogueforge.game.engine.base.BaseBuildingEngineTest" tests="5" skipped="0" failures="0" errors="0" timestamp="2026-03-29T18:15:05" hostname="Grants-MacBook-Pro.local" time="0.009">
  <properties/>
  <testcase name="defenderAssignmentsRespectStructureCapacityAndCleanupOnRemoval()" classname="com.rogueforge.game.engine.base.BaseBuildingEngineTest" time="0.007"/>
  <testcase name="placementFailsWhenOverlappingExistingStructure()" classname="com.rogueforge.game.engine.base.BaseBuildingEngineTest" time="0.001"/>
  <testcase name="placesStructureInsideClaimedSiteWhenTerrainAndSpaceAreValid()" classname="com.rogueforge.game.engine.base.BaseBuildingEngineTest" time="0.001"/>
  <testcase name="placementFailsWithoutClaimedSite()" classname="com.rogueforge.game.engine.base.BaseBuildingEngineTest" time="0.0"/>
  <testcase name="structureDamageAndRepairUpdateHitPoints()" classname="com.rogueforge.game.engine.base.BaseBuildingEngineTest" time="0.0"/>
  <system-out><![CDATA[]]></system-out>
  <system-err><![CDATA[]]></system-err>
</testsuite>
