<?xml version="1.0" encoding="UTF-8"?>
<testsuite name="com.rogueforge.game.engine.meta.ForgeLegacyEngineTest" tests="2" skipped="0" failures="0" errors="0" timestamp="2026-04-06T16:39:47" hostname="Grants-MacBook-Pro.local" time="0.001">
  <properties/>
  <testcase name="actFiveMilestonesUnlockChallengeSystemsAtExpectedFloors()" classname="com.rogueforge.game.engine.meta.ForgeLegacyEngineTest" time="0.001"/>
  <testcase name="affordableNodeCanBePurchasedAndAppliesBonuses()" classname="com.rogueforge.game.engine.meta.ForgeLegacyEngineTest" time="0.0"/>
  <system-out><![CDATA[]]></system-out>
  <system-err><![CDATA[]]></system-err>
</testsuite>
