<?xml version="1.0" encoding="UTF-8"?>
<testsuite name="com.rogueforge.game.engine.meta.CyberneticEnhancementEngineTest" tests="5" skipped="0" failures="0" errors="0" timestamp="2026-04-06T16:39:47" hostname="Grants-MacBook-Pro.local" time="0.005">
  <properties/>
  <testcase name="applyingCurseClearanceRemovesPersistentPenalty()" classname="com.rogueforge.game.engine.meta.CyberneticEnhancementEngineTest" time="0.002"/>
  <testcase name="repeatedEarlyDeathsProduceCurseDraft()" classname="com.rogueforge.game.engine.meta.CyberneticEnhancementEngineTest" time="0.001"/>
  <testcase name="applyingCurseAddsPersistentPenalty()" classname="com.rogueforge.game.engine.meta.CyberneticEnhancementEngineTest" time="0.0"/>
  <testcase name="strongRunWithActiveCurseOffersCurseClearance()" classname="com.rogueforge.game.engine.meta.CyberneticEnhancementEngineTest" time="0.001"/>
  <testcase name="strongRunDraftOffersEnhancementsAndBonusesAccumulate()" classname="com.rogueforge.game.engine.meta.CyberneticEnhancementEngineTest" time="0.001"/>
  <system-out><![CDATA[]]></system-out>
  <system-err><![CDATA[]]></system-err>
</testsuite>
