<?xml version="1.0" encoding="UTF-8"?>
<testsuite name="com.rogueforge.game.progression.RobotEvolutionManagerTest" tests="3" skipped="0" failures="0" errors="0" timestamp="2026-03-29T18:15:05" hostname="Grants-MacBook-Pro.local" time="0.001">
  <properties/>
  <testcase name="applyEvolutionHonorsForgeCoreAndGradeGates()" classname="com.rogueforge.game.progression.RobotEvolutionManagerTest" time="0.0"/>
  <testcase name="materialCostsAndRobotIdsMatchTier()" classname="com.rogueforge.game.progression.RobotEvolutionManagerTest" time="0.001"/>
  <testcase name="addExperienceLevelsRobotUsingProgressionCurve()" classname="com.rogueforge.game.progression.RobotEvolutionManagerTest" time="0.0"/>
  <system-out><![CDATA[]]></system-out>
  <system-err><![CDATA[]]></system-err>
</testsuite>
