<?xml version="1.0" encoding="UTF-8"?>
<testsuite name="com.rogueforge.game.world.InfiniteDungeonLayoutGeneratorTest" tests="1" skipped="0" failures="0" errors="0" timestamp="2026-04-07T22:23:20" hostname="Grants-MacBook-Pro.local" time="0.003">
  <properties/>
  <testcase name="generatorProducesDeterministicButFloorVariantLayouts()" classname="com.rogueforge.game.world.InfiniteDungeonLayoutGeneratorTest" time="0.003"/>
  <system-out><![CDATA[]]></system-out>
  <system-err><![CDATA[]]></system-err>
</testsuite>
