<?xml version="1.0" encoding="UTF-8"?>
<testsuite name="com.rogueforge.game.world.QuestDialogueIntegrityTest" tests="1" skipped="0" failures="0" errors="0" timestamp="2026-03-27T16:25:10" hostname="Grants-MacBook-Pro.local" time="0.056">
  <properties/>
  <testcase name="questDataProvidesAMinimumNetworkDepthAndDialogueLinksStayValid()" classname="com.rogueforge.game.world.QuestDialogueIntegrityTest" time="0.056"/>
  <system-out><![CDATA[]]></system-out>
  <system-err><![CDATA[]]></system-err>
</testsuite>
