<?xml version="1.0" encoding="UTF-8"?>
<testsuite name="com.rogueforge.game.data.EquipmentCatalogDataTest" tests="3" skipped="0" failures="0" errors="0" timestamp="2026-04-07T22:23:19" hostname="Grants-MacBook-Pro.local" time="0.029">
  <properties/>
  <testcase name="shopForgeAndSettlementReferencesResolveToEquipmentCatalog()" classname="com.rogueforge.game.data.EquipmentCatalogDataTest" time="0.013"/>
  <testcase name="equipmentCatalogCoversAllTiersSlotsAndGrades()" classname="com.rogueforge.game.data.EquipmentCatalogDataTest" time="0.012"/>
  <testcase name="playerGearUsesHumanFacingNamesAndPlayerRecipesStayOutOfRobotCategories()" classname="com.rogueforge.game.data.EquipmentCatalogDataTest" time="0.003"/>
  <system-out><![CDATA[]]></system-out>
  <system-err><![CDATA[]]></system-err>
</testsuite>
