<?xml version="1.0" encoding="UTF-8"?>
<testsuite name="com.rogueforge.game.world.WorldSystemsIntegrationTest" tests="14" skipped="0" failures="0" errors="0" timestamp="2026-04-06T06:33:01" hostname="Grants-MacBook-Pro.local" time="0.046">
  <properties/>
  <testcase name="cogsDataVaultDialogueStartsResearchQuestAndNamesFragmentGoal()" classname="com.rogueforge.game.world.WorldSystemsIntegrationTest" time="0.005"/>
  <testcase name="forgeCoreRisingDialogueChainHandsOffAcrossActTwoTownSpecialists()" classname="com.rogueforge.game.world.WorldSystemsIntegrationTest" time="0.002"/>
  <testcase name="shadowCavesBossStoryEventUnlocksFrontierAnnex()" classname="com.rogueforge.game.world.WorldSystemsIntegrationTest" time="0.001"/>
  <testcase name="advancedSettlementDialoguesAssignFollowUpQuestSteps()" classname="com.rogueforge.game.world.WorldSystemsIntegrationTest" time="0.016"/>
  <testcase name="worldStateManagerInitializesKnownFlagsAndSupportsMutations()" classname="com.rogueforge.game.world.WorldSystemsIntegrationTest" time="0.001"/>
  <testcase name="questManagerBootstrapsStartsAndAdvancesQuests()" classname="com.rogueforge.game.world.WorldSystemsIntegrationTest" time="0.001"/>
  <testcase name="bramFrontierAnnexDebriefResolvesAfterShadowCavesSettlementExpansion()" classname="com.rogueforge.game.world.WorldSystemsIntegrationTest" time="0.002"/>
  <testcase name="ironhavenArrivalSurveyCompletesAfterTalkingToTownNpcs()" classname="com.rogueforge.game.world.WorldSystemsIntegrationTest" time="0.001"/>
  <testcase name="annexResupplyQuestAdvancesWhenDepotResupplyFlagIsSet()" classname="com.rogueforge.game.world.WorldSystemsIntegrationTest" time="0.001"/>
  <testcase name="miraFirstStepsReturnDoesNotResolveBeforeFrontierBattle()" classname="com.rogueforge.game.world.WorldSystemsIntegrationTest" time="0.002"/>
  <testcase name="recruitmentAndSettlementManagersLoadAndApplyRealDefinitions()" classname="com.rogueforge.game.world.WorldSystemsIntegrationTest" time="0.002"/>
  <testcase name="dialogueSystemResolvesStatefulNpcDialogueFromRealData()" classname="com.rogueforge.game.world.WorldSystemsIntegrationTest" time="0.002"/>
  <testcase name="mk2RecruitmentConsumesBlueprintFragmentsWhenAppliedToLiveState()" classname="com.rogueforge.game.world.WorldSystemsIntegrationTest" time="0.0"/>
  <testcase name="warPhaseManagerBuildsStrategicSnapshotFromLateGameWorldState()" classname="com.rogueforge.game.world.WorldSystemsIntegrationTest" time="0.008"/>
  <system-out><![CDATA[]]></system-out>
  <system-err><![CDATA[]]></system-err>
</testsuite>
