<?xml version="1.0" encoding="UTF-8"?>
<testsuite name="com.rogueforge.game.progression.WeaponProficiencyTrackerTest" tests="4" skipped="0" failures="0" errors="0" timestamp="2026-04-06T06:33:01" hostname="Grants-MacBook-Pro.local" time="0.002">
  <properties/>
  <testcase name="utilityMethodsExposeExpectedCombatScaling()" classname="com.rogueforge.game.progression.WeaponProficiencyTrackerTest" time="0.001"/>
  <testcase name="gainXpUnlocksHigherTierMilestonesWithoutDuplicates()" classname="com.rogueforge.game.progression.WeaponProficiencyTrackerTest" time="0.001"/>
  <testcase name="gainXpUnlocksMilestonesAcrossMultipleLevels()" classname="com.rogueforge.game.progression.WeaponProficiencyTrackerTest" time="0.0"/>
  <testcase name="getOrCreateReturnsStateForRealWeaponFamilies()" classname="com.rogueforge.game.progression.WeaponProficiencyTrackerTest" time="0.0"/>
  <system-out><![CDATA[]]></system-out>
  <system-err><![CDATA[]]></system-err>
</testsuite>
