<?xml version="1.0" encoding="UTF-8"?>
<testsuite name="com.rogueforge.game.world.WorldSystemsIntegrationTest" tests="6" skipped="0" failures="0" errors="0" timestamp="2026-03-29T18:15:05" hostname="Grants-MacBook-Pro.local" time="0.012">
  <properties/>
  <testcase name="worldStateManagerInitializesKnownFlagsAndSupportsMutations()" classname="com.rogueforge.game.world.WorldSystemsIntegrationTest" time="0.001"/>
  <testcase name="questManagerBootstrapsStartsAndAdvancesQuests()" classname="com.rogueforge.game.world.WorldSystemsIntegrationTest" time="0.001"/>
  <testcase name="ironhavenArrivalSurveyCompletesAfterTalkingToTownNpcs()" classname="com.rogueforge.game.world.WorldSystemsIntegrationTest" time="0.001"/>
  <testcase name="miraFirstStepsReturnDoesNotResolveBeforeFrontierBattle()" classname="com.rogueforge.game.world.WorldSystemsIntegrationTest" time="0.004"/>
  <testcase name="recruitmentAndSettlementManagersLoadAndApplyRealDefinitions()" classname="com.rogueforge.game.world.WorldSystemsIntegrationTest" time="0.001"/>
  <testcase name="dialogueSystemResolvesStatefulNpcDialogueFromRealData()" classname="com.rogueforge.game.world.WorldSystemsIntegrationTest" time="0.002"/>
  <system-out><![CDATA[]]></system-out>
  <system-err><![CDATA[]]></system-err>
</testsuite>
