<?xml version="1.0" encoding="UTF-8"?>
<testsuite name="com.rogueforge.game.data.SaveFileTest" tests="3" skipped="0" failures="0" errors="0" timestamp="2026-04-06T23:07:12" hostname="Grants-MacBook-Pro.local" time="0.005">
  <properties/>
  <testcase name="noArgConstructorInitializesCollections()" classname="com.rogueforge.game.data.SaveFileTest" time="0.001"/>
  <testcase name="settersNormalizeNullsAndClampForgeCoreLevel()" classname="com.rogueforge.game.data.SaveFileTest" time="0.0"/>
  <testcase name="settersPersistProgressionAndInventoryPayloads()" classname="com.rogueforge.game.data.SaveFileTest" time="0.003"/>
  <system-out><![CDATA[]]></system-out>
  <system-err><![CDATA[]]></system-err>
</testsuite>
