<?xml version="1.0" encoding="UTF-8"?>
<testsuite name="com.rogueforge.game.world.FrontierBiomeCatalogTest" tests="1" skipped="0" failures="0" errors="0" timestamp="2026-04-06T16:39:47" hostname="Grants-MacBook-Pro.local" time="0.002">
  <properties/>
  <testcase name="everySeededTerrainTypeMapsToABiomeDefinitionWithAssetFolders()" classname="com.rogueforge.game.world.FrontierBiomeCatalogTest" time="0.002"/>
  <system-out><![CDATA[]]></system-out>
  <system-err><![CDATA[]]></system-err>
</testsuite>
