<?xml version="1.0" encoding="UTF-8"?>
<testsuite name="com.rogueforge.game.screen.BattleScreenBossPhaseTest" tests="2" skipped="0" failures="0" errors="0" timestamp="2026-04-06T16:39:47" hostname="Grants-MacBook-Pro.local" time="0.006">
  <properties/>
  <testcase name="phasedBossThresholdsAdvanceAtExpectedHealthBands()" classname="com.rogueforge.game.screen.BattleScreenBossPhaseTest" time="0.006"/>
  <testcase name="phasedBossesSwapToDistinctEnemyAbilities()" classname="com.rogueforge.game.screen.BattleScreenBossPhaseTest" time="0.0"/>
  <system-out><![CDATA[]]></system-out>
  <system-err><![CDATA[]]></system-err>
</testsuite>
