<?xml version="1.0" encoding="UTF-8"?>
<testsuite name="com.rogueforge.game.data.DefinitionJsonTest" tests="2" skipped="0" failures="0" errors="0" timestamp="2026-04-06T18:48:11" hostname="Grants-MacBook-Pro.local" time="0.045">
  <properties/>
  <testcase name="robotDefinitionsGetSafeCollectionDefaults()" classname="com.rogueforge.game.data.DefinitionJsonTest" time="0.044"/>
  <testcase name="abilityDefinitionsReadEnumsCaseInsensitively()" classname="com.rogueforge.game.data.DefinitionJsonTest" time="0.0"/>
  <system-out><![CDATA[]]></system-out>
  <system-err><![CDATA[]]></system-err>
</testsuite>
