<?xml version="1.0" encoding="UTF-8"?>
<testsuite name="com.rogueforge.game.progression.ProficiencyTrackerTest" tests="2" skipped="0" failures="0" errors="0" timestamp="2026-04-07T22:23:20" hostname="Grants-MacBook-Pro.local" time="0.0">
  <properties/>
  <testcase name="abilityMultipliersClampAcrossExpectedRange()" classname="com.rogueforge.game.progression.ProficiencyTrackerTest" time="0.0"/>
  <testcase name="abilityProgressionStateLevelsAndClamps()" classname="com.rogueforge.game.progression.ProficiencyTrackerTest" time="0.0"/>
  <system-out><![CDATA[]]></system-out>
  <system-err><![CDATA[]]></system-err>
</testsuite>
