<?xml version="1.0" encoding="UTF-8"?>
<testsuite name="com.rogueforge.game.engine.base.BaseDefenseDirectorTest" tests="1" skipped="0" failures="0" errors="0" timestamp="2026-04-07T22:23:20" hostname="Grants-MacBook-Pro.local" time="0.001">
  <properties/>
  <testcase name="synchronizeCreatesAnchoredDefendersAndPreservesRuntimeState()" classname="com.rogueforge.game.engine.base.BaseDefenseDirectorTest" time="0.001"/>
  <system-out><![CDATA[]]></system-out>
  <system-err><![CDATA[]]></system-err>
</testsuite>
