<?xml version="1.0" encoding="UTF-8"?>
<testsuite name="com.rogueforge.game.data.DataDefinitionTest" tests="4" skipped="0" failures="0" errors="0" timestamp="2026-04-07T22:23:19" hostname="Grants-MacBook-Pro.local" time="0.001">
  <properties/>
  <testcase name="forgeRecipeDefinitionProvidesSafeDefaults()" classname="com.rogueforge.game.data.DataDefinitionTest" time="0.0"/>
  <testcase name="storyEventDefinitionExposesConfiguredFields()" classname="com.rogueforge.game.data.DataDefinitionTest" time="0.0"/>
  <testcase name="forgeComponentDefinitionProvidesSafeDefaults()" classname="com.rogueforge.game.data.DataDefinitionTest" time="0.001"/>
  <testcase name="forgeIngredientDefinitionClampsNegativeQuantity()" classname="com.rogueforge.game.data.DataDefinitionTest" time="0.0"/>
  <system-out><![CDATA[]]></system-out>
  <system-err><![CDATA[]]></system-err>
</testsuite>
