<?xml version="1.0" encoding="UTF-8"?>
<testsuite name="com.rogueforge.game.core.GameStateTest" tests="8" skipped="0" failures="0" errors="0" timestamp="2026-04-04T16:59:42" hostname="Grants-MacBook-Pro.local" time="0.006">
  <properties/>
  <testcase name="equipmentTargetPreventsCrossEquippingBetweenPlayerAndRobots()" classname="com.rogueforge.game.core.GameStateTest" time="0.004"/>
  <testcase name="bossTrackingDeduplicatesAndCountsDefeats()" classname="com.rogueforge.game.core.GameStateTest" time="0.0"/>
  <testcase name="infiniteDungeonStatePersistsAndClampsToNonNegativeValues()" classname="com.rogueforge.game.core.GameStateTest" time="0.0"/>
  <testcase name="equipRobotItemRequiresGradeAndPersistsSlot()" classname="com.rogueforge.game.core.GameStateTest" time="0.001"/>
  <testcase name="equipPlayerItemRequiresCatalogEntryAndGrade()" classname="com.rogueforge.game.core.GameStateTest" time="0.0"/>
  <testcase name="unbankedExpeditionLootTracksSeparatelyFromBankedInventory()" classname="com.rogueforge.game.core.GameStateTest" time="0.0"/>
  <testcase name="forgeComponentsAndShardsFilterInvalidValuesAndConsumeAtomically()" classname="com.rogueforge.game.core.GameStateTest" time="0.001"/>
  <testcase name="rosterAndProgressionCollectionsReturnCopies()" classname="com.rogueforge.game.core.GameStateTest" time="0.0"/>
  <system-out><![CDATA[]]></system-out>
  <system-err><![CDATA[]]></system-err>
</testsuite>
