<?xml version="1.0" encoding="UTF-8"?>
<testsuite name="com.rogueforge.game.engine.social.GuildPermissionsEngineTest" tests="5" skipped="0" failures="0" errors="0" timestamp="2026-04-06T06:33:01" hostname="Grants-MacBook-Pro.local" time="0.003">
  <properties/>
  <testcase name="inactiveOrUnknownMembersAreDenied()" classname="com.rogueforge.game.engine.social.GuildPermissionsEngineTest" time="0.001"/>
  <testcase name="quartermasterCanManageStorageButNotCreateNpcs()" classname="com.rogueforge.game.engine.social.GuildPermissionsEngineTest" time="0.001"/>
  <testcase name="defaultGuildMasterCanPerformManagementActions()" classname="com.rogueforge.game.engine.social.GuildPermissionsEngineTest" time="0.0"/>
  <testcase name="ownershipRecordSupportsPersonalAndGuildChecks()" classname="com.rogueforge.game.engine.social.GuildPermissionsEngineTest" time="0.0"/>
  <testcase name="architectCanBuildButCannotManageMembers()" classname="com.rogueforge.game.engine.social.GuildPermissionsEngineTest" time="0.0"/>
  <system-out><![CDATA[]]></system-out>
  <system-err><![CDATA[]]></system-err>
</testsuite>
